c:\users\reality computing\downloads\xrealityrender-masterovr_stash-2016-03-02\xrealityrender-masterovr_stash\xrealityrender-master\xrealityrender\debug\vc140.pdb
c:\users\reality computing\downloads\xrealityrender-masterovr_stash-2016-03-02\xrealityrender-masterovr_stash\xrealityrender-master\xrealityrender\debug\vc140.idb
c:\users\reality computing\downloads\xrealityrender-masterovr_stash-2016-03-02\xrealityrender-masterovr_stash\xrealityrender-master\xrealityrender\debug\xrobjloader.obj
c:\users\reality computing\downloads\xrealityrender-masterovr_stash-2016-03-02\xrealityrender-masterovr_stash\xrealityrender-master\xrealityrender\debug\xrpointcloudutils.obj
c:\users\reality computing\downloads\xrealityrender-masterovr_stash-2016-03-02\xrealityrender-masterovr_stash\xrealityrender-master\xrealityrender\debug\xrshaderutils.obj
c:\users\reality computing\downloads\xrealityrender-masterovr_stash-2016-03-02\xrealityrender-masterovr_stash\xrealityrender-master\xrealityrender\debug\xrconfigwindow.obj
c:\users\reality computing\downloads\xrealityrender-masterovr_stash-2016-03-02\xrealityrender-masterovr_stash\xrealityrender-master\xrealityrender\debug\xrconsolewindow.obj
c:\users\reality computing\downloads\xrealityrender-masterovr_stash-2016-03-02\xrealityrender-masterovr_stash\xrealityrender-master\xrealityrender\debug\xrdebugoutputwindow.obj
c:\users\reality computing\downloads\xrealityrender-masterovr_stash-2016-03-02\xrealityrender-masterovr_stash\xrealityrender-master\xrealityrender\debug\xrstatuswindow.obj
c:\users\reality computing\downloads\xrealityrender-masterovr_stash-2016-03-02\xrealityrender-masterovr_stash\xrealityrender-master\xrealityrender\debug\xrcamera.obj
c:\users\reality computing\downloads\xrealityrender-masterovr_stash-2016-03-02\xrealityrender-masterovr_stash\xrealityrender-master\xrealityrender\debug\xrdebug.obj
c:\users\reality computing\downloads\xrealityrender-masterovr_stash-2016-03-02\xrealityrender-masterovr_stash\xrealityrender-master\xrealityrender\debug\xrdeivice.obj
c:\users\reality computing\downloads\xrealityrender-masterovr_stash-2016-03-02\xrealityrender-masterovr_stash\xrealityrender-master\xrealityrender\debug\xreffect.obj
c:\users\reality computing\downloads\xrealityrender-masterovr_stash-2016-03-02\xrealityrender-masterovr_stash\xrealityrender-master\xrealityrender\debug\xrengine.obj
c:\users\reality computing\downloads\xrealityrender-masterovr_stash-2016-03-02\xrealityrender-masterovr_stash\xrealityrender-master\xrealityrender\debug\xrentity.obj
c:\users\reality computing\downloads\xrealityrender-masterovr_stash-2016-03-02\xrealityrender-masterovr_stash\xrealityrender-master\xrealityrender\debug\xrobject.obj
c:\users\reality computing\downloads\xrealityrender-masterovr_stash-2016-03-02\xrealityrender-masterovr_stash\xrealityrender-master\xrealityrender\debug\xrovrcamera.obj
c:\users\reality computing\downloads\xrealityrender-masterovr_stash-2016-03-02\xrealityrender-masterovr_stash\xrealityrender-master\xrealityrender\debug\xrscene.obj
c:\users\reality computing\downloads\xrealityrender-masterovr_stash-2016-03-02\xrealityrender-masterovr_stash\xrealityrender-master\xrealityrender\debug\xrsound.obj
c:\users\reality computing\downloads\xrealityrender-masterovr_stash-2016-03-02\xrealityrender-masterovr_stash\xrealityrender-master\xrealityrender\debug\xrsoundmanager.obj
c:\users\reality computing\downloads\xrealityrender-masterovr_stash-2016-03-02\xrealityrender-masterovr_stash\xrealityrender-master\xrealityrender\debug\xruserinterface.obj
c:\users\reality computing\downloads\xrealityrender-masterovr_stash-2016-03-02\xrealityrender-masterovr_stash\xrealityrender-master\xrealityrender\debug\xrwidget.obj
c:\users\reality computing\downloads\xrealityrender-masterovr_stash-2016-03-02\xrealityrender-masterovr_stash\xrealityrender-master\xrealityrender\debug\effectphonglightinggs.obj
c:\users\reality computing\downloads\xrealityrender-masterovr_stash-2016-03-02\xrealityrender-masterovr_stash\xrealityrender-master\xrealityrender\debug\rotatingtriangle.obj
c:\users\reality computing\downloads\xrealityrender-masterovr_stash-2016-03-02\xrealityrender-masterovr_stash\xrealityrender-master\xrealityrender\debug\imgui.obj
c:\users\reality computing\downloads\xrealityrender-masterovr_stash-2016-03-02\xrealityrender-masterovr_stash\xrealityrender-master\xrealityrender\debug\imgui_demo.obj
c:\users\reality computing\downloads\xrealityrender-masterovr_stash-2016-03-02\xrealityrender-masterovr_stash\xrealityrender-master\xrealityrender\debug\imgui_draw.obj
c:\users\reality computing\downloads\xrealityrender-masterovr_stash-2016-03-02\xrealityrender-masterovr_stash\xrealityrender-master\xrealityrender\debug\imgui_impl_glfw.obj
c:\users\reality computing\downloads\xrealityrender-masterovr_stash-2016-03-02\xrealityrender-masterovr_stash\xrealityrender-master\xrealityrender\debug\main.obj
c:\users\reality computing\downloads\xrealityrender-masterovr_stash-2016-03-02\xrealityrender-masterovr_stash\xrealityrender-master\xrealityrender\debug\oculuswrapper.obj
c:\users\reality computing\downloads\xrealityrender-masterovr_stash-2016-03-02\xrealityrender-masterovr_stash\xrealityrender-master\xrealityrender\debug\xrmesh.obj
c:\users\reality computing\downloads\xrealityrender-masterovr_stash-2016-03-02\xrealityrender-masterovr_stash\xrealityrender-master\xrealityrender\debug\kitchen.obj
c:\users\reality computing\downloads\xrealityrender-masterovr_stash-2016-03-02\xrealityrender-masterovr_stash\xrealityrender-master\xrealityrender\debug\pointcloud.obj
c:\users\reality computing\downloads\xrealityrender-masterovr_stash-2016-03-02\xrealityrender-masterovr_stash\xrealityrender-master\xrealityrender\debug\testtriangle.obj
c:\users\reality computing\downloads\xrealityrender-masterovr_stash-2016-03-02\xrealityrender-masterovr_stash\xrealityrender-master\xrealityrender\debug\viewerscene.obj
c:\users\reality computing\downloads\xrealityrender-masterovr_stash-2016-03-02\xrealityrender-masterovr_stash\xrealityrender-master\xrealityrender\debug\viewerscenegui.obj
c:\users\reality computing\downloads\xrealityrender-masterovr_stash-2016-03-02\xrealityrender-masterovr_stash\xrealityrender-master\xrealityrender\debug\gl3w.obj
c:\users\reality computing\downloads\xrealityrender-masterovr_stash-2016-03-02\xrealityrender-masterovr_stash\xrealityrender-master\debug\xrealityrender.ilk
c:\users\reality computing\downloads\xrealityrender-masterovr_stash-2016-03-02\xrealityrender-masterovr_stash\xrealityrender-master\debug\xrealityrender.exe
c:\users\reality computing\downloads\xrealityrender-masterovr_stash-2016-03-02\xrealityrender-masterovr_stash\xrealityrender-master\debug\xrealityrender.pdb
c:\users\reality computing\downloads\xrealityrender-masterovr_stash-2016-03-02\xrealityrender-masterovr_stash\xrealityrender-master\xrealityrender\debug\xrealityrender.tlog\cl.command.1.tlog
c:\users\reality computing\downloads\xrealityrender-masterovr_stash-2016-03-02\xrealityrender-masterovr_stash\xrealityrender-master\xrealityrender\debug\xrealityrender.tlog\cl.read.1.tlog
c:\users\reality computing\downloads\xrealityrender-masterovr_stash-2016-03-02\xrealityrender-masterovr_stash\xrealityrender-master\xrealityrender\debug\xrealityrender.tlog\cl.write.1.tlog
c:\users\reality computing\downloads\xrealityrender-masterovr_stash-2016-03-02\xrealityrender-masterovr_stash\xrealityrender-master\xrealityrender\debug\xrealityrender.tlog\link.command.1.tlog
c:\users\reality computing\downloads\xrealityrender-masterovr_stash-2016-03-02\xrealityrender-masterovr_stash\xrealityrender-master\xrealityrender\debug\xrealityrender.tlog\link.read.1.tlog
c:\users\reality computing\downloads\xrealityrender-masterovr_stash-2016-03-02\xrealityrender-masterovr_stash\xrealityrender-master\xrealityrender\debug\xrealityrender.tlog\link.write.1.tlog
